<?xml version="1.0" encoding="UTF-8"?>
<!-- Generated by org.testng.reporters.JUnitXMLReporter -->
<testsuite ignored="0" hostname="DESKTOP-QPRORP4" failures="0" tests="4" name="Test" time="0.026" errors="0" timestamp="2020-09-12T18:36:10 CDT">
  <testcase classname="qaclickacademy.SeleniumTest" name="browserAutamation" time="0.005"/>
  <testcase classname="qaclickacademy.SeleniumTest" name="elementsUI" time="0.0"/>
  <testcase classname="qaclickacademy.RestAPITest" name="deleteTwitter" time="0.0"/>
  <testcase classname="qaclickacademy.RestAPITest" name="postJira" time="0.0"/>
</testsuite> <!-- Test -->
