<?xml version="1.0" encoding="UTF-8"?>
<testng-results ignored="0" total="4" passed="4" failed="0" skipped="0">
  <reporter-output>
  </reporter-output>
  <suite started-at="2020-09-12T18:36:10 CDT" name="Suite" finished-at="2020-09-12T18:36:10 CDT" duration-ms="26">
    <groups>
    </groups>
    <test started-at="2020-09-12T18:36:10 CDT" name="Test" finished-at="2020-09-12T18:36:10 CDT" duration-ms="26">
      <class name="qaclickacademy.RestAPITest">
        <test-method signature="postJira()[pri:0, instance:qaclickacademy.RestAPITest@2ea6137]" started-at="2020-09-12T18:36:10 CDT" name="postJira" finished-at="2020-09-12T18:36:10 CDT" duration-ms="0" status="PASS">
          <reporter-output>
          </reporter-output>
        </test-method> <!-- postJira -->
        <test-method signature="deleteTwitter()[pri:0, instance:qaclickacademy.RestAPITest@2ea6137]" started-at="2020-09-12T18:36:10 CDT" name="deleteTwitter" finished-at="2020-09-12T18:36:10 CDT" duration-ms="0" status="PASS">
          <reporter-output>
          </reporter-output>
        </test-method> <!-- deleteTwitter -->
      </class> <!-- qaclickacademy.RestAPITest -->
      <class name="qaclickacademy.SeleniumTest">
        <test-method signature="browserAutamation()[pri:0, instance:qaclickacademy.SeleniumTest@4c40b76e]" started-at="2020-09-12T18:36:10 CDT" name="browserAutamation" finished-at="2020-09-12T18:36:10 CDT" duration-ms="5" status="PASS">
          <reporter-output>
          </reporter-output>
        </test-method> <!-- browserAutamation -->
        <test-method signature="elementsUI()[pri:0, instance:qaclickacademy.SeleniumTest@4c40b76e]" started-at="2020-09-12T18:36:10 CDT" name="elementsUI" finished-at="2020-09-12T18:36:10 CDT" duration-ms="0" status="PASS">
          <reporter-output>
          </reporter-output>
        </test-method> <!-- elementsUI -->
      </class> <!-- qaclickacademy.SeleniumTest -->
    </test> <!-- Test -->
  </suite> <!-- Suite -->
</testng-results>
